\BOOKMARK [0][-]{chapter.1}{\376\377\000I\000n\000t\000r\000o\000d\000u\000c\000t\000i\000o\000n}{}% 1
\BOOKMARK [0][-]{chapter.2}{\376\377\000S\000e\000l\000f\000-\000e\000v\000a\000l\000u\000a\000t\000i\000o\000n}{}% 2
\BOOKMARK [1][-]{section.2.1}{\376\377\000A\000n\000a\000l\000y\000z\000e}{chapter.2}% 3
\BOOKMARK [2][-]{subsection.2.1.1}{\376\377\000E\000x\000p\000e\000c\000t\000a\000t\000i\000o\000n}{section.2.1}% 4
\BOOKMARK [2][-]{subsection.2.1.2}{\376\377\000E\000v\000i\000d\000e\000n\000c\000e}{section.2.1}% 5
\BOOKMARK [2][-]{subsection.2.1.3}{\376\377\000E\000v\000a\000l\000u\000a\000t\000i\000o\000n}{section.2.1}% 6
\BOOKMARK [1][-]{section.2.2}{\376\377\000D\000e\000s\000i\000g\000n}{chapter.2}% 7
\BOOKMARK [2][-]{subsection.2.2.1}{\376\377\000E\000x\000p\000e\000c\000t\000a\000t\000i\000o\000n}{section.2.2}% 8
\BOOKMARK [2][-]{subsection.2.2.2}{\376\377\000E\000v\000i\000d\000e\000n\000c\000e}{section.2.2}% 9
\BOOKMARK [2][-]{subsection.2.2.3}{\376\377\000E\000v\000a\000l\000u\000a\000t\000i\000o\000n}{section.2.2}% 10
\BOOKMARK [1][-]{section.2.3}{\376\377\000R\000e\000a\000l\000i\000z\000e}{chapter.2}% 11
\BOOKMARK [2][-]{subsection.2.3.1}{\376\377\000E\000x\000p\000e\000c\000t\000a\000t\000i\000o\000n}{section.2.3}% 12
\BOOKMARK [2][-]{subsection.2.3.2}{\376\377\000E\000v\000i\000d\000e\000n\000c\000e}{section.2.3}% 13
\BOOKMARK [2][-]{subsection.2.3.3}{\376\377\000E\000v\000a\000l\000u\000a\000t\000i\000o\000n}{section.2.3}% 14
\BOOKMARK [1][-]{section.2.4}{\376\377\000C\000o\000n\000t\000r\000o\000l\000/\000V\000e\000r\000i\000f\000y}{chapter.2}% 15
\BOOKMARK [2][-]{subsection.2.4.1}{\376\377\000E\000x\000p\000e\000c\000t\000a\000t\000i\000o\000n}{section.2.4}% 16
\BOOKMARK [2][-]{subsection.2.4.2}{\376\377\000E\000v\000i\000d\000e\000n\000c\000e}{section.2.4}% 17
\BOOKMARK [2][-]{subsection.2.4.3}{\376\377\000E\000v\000a\000l\000u\000a\000t\000i\000o\000n}{section.2.4}% 18
\BOOKMARK [1][-]{section.2.5}{\376\377\000M\000a\000n\000a\000g\000e}{chapter.2}% 19
\BOOKMARK [2][-]{subsection.2.5.1}{\376\377\000E\000x\000p\000e\000c\000t\000a\000t\000i\000o\000n}{section.2.5}% 20
\BOOKMARK [2][-]{subsection.2.5.2}{\376\377\000E\000v\000i\000d\000e\000n\000c\000e}{section.2.5}% 21
\BOOKMARK [2][-]{subsection.2.5.3}{\376\377\000E\000v\000a\000l\000u\000a\000t\000i\000o\000n}{section.2.5}% 22
\BOOKMARK [1][-]{section.2.6}{\376\377\000A\000d\000v\000i\000s\000e}{chapter.2}% 23
\BOOKMARK [2][-]{subsection.2.6.1}{\376\377\000E\000x\000p\000e\000c\000t\000a\000t\000i\000o\000n}{section.2.6}% 24
\BOOKMARK [2][-]{subsection.2.6.2}{\376\377\000E\000v\000i\000d\000e\000n\000c\000e}{section.2.6}% 25
\BOOKMARK [2][-]{subsection.2.6.3}{\376\377\000E\000v\000a\000l\000u\000a\000t\000i\000o\000n}{section.2.6}% 26
\BOOKMARK [1][-]{section.2.7}{\376\377\000R\000e\000s\000e\000a\000r\000c\000h}{chapter.2}% 27
\BOOKMARK [2][-]{subsection.2.7.1}{\376\377\000E\000x\000p\000e\000c\000t\000a\000t\000i\000o\000n}{section.2.7}% 28
\BOOKMARK [2][-]{subsection.2.7.2}{\376\377\000E\000v\000i\000d\000e\000n\000c\000e}{section.2.7}% 29
\BOOKMARK [2][-]{subsection.2.7.3}{\376\377\000E\000v\000a\000l\000u\000a\000t\000i\000o\000n}{section.2.7}% 30
\BOOKMARK [1][-]{section.2.8}{\376\377\000P\000r\000o\000f\000e\000s\000s\000i\000o\000n\000a\000l\000i\000z\000e}{chapter.2}% 31
\BOOKMARK [2][-]{subsection.2.8.1}{\376\377\000E\000x\000p\000e\000c\000t\000a\000t\000i\000o\000n}{section.2.8}% 32
\BOOKMARK [2][-]{subsection.2.8.2}{\376\377\000E\000v\000i\000d\000e\000n\000c\000e}{section.2.8}% 33
\BOOKMARK [2][-]{subsection.2.8.3}{\376\377\000E\000v\000a\000l\000u\000a\000t\000i\000o\000n}{section.2.8}% 34
\BOOKMARK [0][-]{chapter.3}{\376\377\000S\000e\000l\000f\000-\000a\000n\000a\000l\000y\000s\000i\000s}{}% 35
\BOOKMARK [0][-]{chapter.4}{\376\377\000P\000e\000r\000s\000o\000n\000a\000l\000\040\000d\000e\000v\000e\000l\000o\000p\000m\000e\000n\000t\000\040\000p\000l\000a\000n}{}% 36
