\BOOKMARK [0][-]{chapter.1}{\376\377\000F\000o\000r\000e\000w\000o\000r\000d}{}% 1
\BOOKMARK [0][-]{chapter.2}{\376\377\000S\000u\000m\000m\000a\000r\000y}{}% 2
\BOOKMARK [0][-]{chapter.3}{\376\377\000I\000n\000t\000r\000o\000d\000u\000c\000t\000i\000o\000n}{}% 3
\BOOKMARK [1][-]{section.3.1}{\376\377\000B\000a\000c\000k\000g\000r\000o\000u\000n\000d}{chapter.3}% 4
\BOOKMARK [1][-]{section.3.2}{\376\377\000P\000u\000r\000p\000o\000s\000e\000\040\000o\000f\000\040\000t\000h\000e\000\040\000a\000s\000s\000i\000g\000n\000m\000e\000n\000t}{chapter.3}% 5
\BOOKMARK [1][-]{section.3.3}{\376\377\000A\000s\000s\000i\000g\000n\000m\000e\000n\000t\000\040\000s\000p\000e\000c\000i\000f\000i\000c\000a\000t\000i\000o\000n\000s}{chapter.3}% 6
\BOOKMARK [1][-]{section.3.4}{\376\377\000S\000c\000o\000p\000e\000\040\000o\000f\000\040\000w\000o\000r\000k}{chapter.3}% 7
\BOOKMARK [2][-]{subsection.3.4.1}{\376\377\000P\000r\000o\000j\000e\000c\000t\000\040\000b\000o\000u\000n\000d\000a\000r\000i\000e\000s}{section.3.4}% 8
\BOOKMARK [2][-]{subsection.3.4.2}{\376\377\000G\000o\000a\000l\000s}{section.3.4}% 9
\BOOKMARK [2][-]{subsection.3.4.3}{\376\377\000D\000e\000l\000i\000v\000e\000r\000a\000b\000l\000e\000s}{section.3.4}% 10
\BOOKMARK [1][-]{section.3.5}{\376\377\000M\000e\000t\000h\000o\000d\000o\000l\000o\000g\000y}{chapter.3}% 11
\BOOKMARK [1][-]{section.3.6}{\376\377\000R\000e\000p\000o\000r\000t\000\040\000o\000u\000t\000l\000i\000n\000e}{chapter.3}% 12
\BOOKMARK [0][-]{chapter.4}{\376\377\000F\000u\000n\000c\000t\000i\000o\000n\000a\000l\000\040\000d\000e\000s\000i\000g\000n}{}% 13
\BOOKMARK [1][-]{section.4.1}{\376\377\000B\000a\000c\000k\000g\000r\000o\000u\000n\000d\000\040\000k\000n\000o\000w\000l\000e\000d\000g\000e}{chapter.4}% 14
\BOOKMARK [2][-]{subsection.4.1.1}{\376\377\000S\000p\000i\000n\000\040\000s\000t\000a\000t\000e\000s}{section.4.1}% 15
\BOOKMARK [2][-]{subsection.4.1.2}{\376\377\000Z\000e\000e\000m\000a\000n\000\040\000e\000f\000f\000e\000c\000t}{section.4.1}% 16
\BOOKMARK [2][-]{subsection.4.1.3}{\376\377\000E\000n\000e\000r\000g\000y\000\040\000l\000e\000v\000e\000l\000s}{section.4.1}% 17
\BOOKMARK [1][-]{section.4.2}{\376\377\000Q\000u\000a\000n\000t\000u\000m\000\040\000p\000r\000o\000t\000o\000c\000o\000l\000s}{chapter.4}% 18
\BOOKMARK [2][-]{subsection.4.2.1}{\376\377\000C\000W\000-\000O\000D\000M\000R}{section.4.2}% 19
\BOOKMARK [2][-]{subsection.4.2.2}{\376\377\000T\0001\000\040\000r\000e\000l\000a\000x\000o\000m\000e\000t\000r\000y}{section.4.2}% 20
\BOOKMARK [2][-]{subsection.4.2.3}{\376\377\000P\000-\000O\000D\000M\000R}{section.4.2}% 21
\BOOKMARK [1][-]{section.4.3}{\376\377\000L\000o\000c\000k\000-\000i\000n\000\040\000a\000m\000p\000l\000i\000f\000i\000c\000a\000t\000i\000o\000n}{chapter.4}% 22
\BOOKMARK [1][-]{section.4.4}{\376\377\000Q\000u\000a\000n\000t\000u\000m\000\040\000s\000e\000n\000s\000i\000n\000g\000\040\000s\000e\000t\000u\000p}{chapter.4}% 23
\BOOKMARK [1][-]{section.4.5}{\376\377\000P\000h\000o\000t\000o\000d\000e\000t\000e\000c\000t\000i\000o\000n\000\040\000P\000C\000B}{chapter.4}% 24
\BOOKMARK [2][-]{subsection.4.5.1}{\376\377\000D\000e\000s\000i\000g\000n\000\040\000p\000r\000o\000c\000e\000s\000s}{section.4.5}% 25
\BOOKMARK [1][-]{section.4.6}{\376\377\000O\000L\000I\000A\000\040\000i\000m\000p\000l\000e\000m\000e\000n\000t\000a\000t\000i\000o\000n}{chapter.4}% 26
\BOOKMARK [0][-]{chapter.5}{\376\377\000T\000e\000c\000h\000n\000i\000c\000a\000l\000\040\000d\000e\000s\000i\000g\000n}{}% 27
\BOOKMARK [1][-]{section.5.1}{\376\377\000Q\000u\000a\000n\000t\000u\000m\000\040\000s\000e\000n\000s\000i\000n\000g\000\040\000s\000e\000t\000u\000p}{chapter.5}% 28
\BOOKMARK [1][-]{section.5.2}{\376\377\000P\000h\000o\000t\000o\000d\000e\000t\000e\000c\000t\000i\000o\000n\000\040\000P\000C\000B}{chapter.5}% 29
\BOOKMARK [1][-]{section.5.3}{\376\377\000O\000L\000I\000A\000\040\000i\000m\000p\000l\000e\000m\000e\000n\000t\000a\000t\000i\000o\000n}{chapter.5}% 30
\BOOKMARK [0][-]{chapter.6}{\376\377\000T\000e\000s\000t\000i\000n\000g\000\040\000r\000e\000s\000u\000l\000t\000s}{}% 31
\BOOKMARK [1][-]{section.6.1}{\376\377\000T\000e\000s\000t\000\040\000g\000o\000a\000l\000s\000\040\000a\000n\000d\000\040\000p\000e\000r\000f\000o\000r\000m\000a\000n\000c\000e\000\040\000m\000e\000t\000r\000i\000c\000s}{chapter.6}% 32
\BOOKMARK [1][-]{section.6.2}{\376\377\000T\000e\000s\000t\000\040\000s\000e\000t\000u\000p}{chapter.6}% 33
\BOOKMARK [1][-]{section.6.3}{\376\377\000R\000e\000s\000u\000l\000t\000s\000\040\000a\000n\000d\000\040\000d\000i\000s\000c\000u\000s\000s\000i\000o\000n}{chapter.6}% 34
\BOOKMARK [1][-]{section.6.4}{\376\377\000K\000n\000o\000w\000n\000\040\000l\000i\000m\000i\000t\000a\000t\000i\000o\000n\000s}{chapter.6}% 35
\BOOKMARK [0][-]{chapter.7}{\376\377\000C\000o\000n\000c\000l\000u\000s\000i\000o\000n}{}% 36
\BOOKMARK [0][-]{chapter.8}{\376\377\000R\000e\000c\000o\000m\000m\000e\000n\000d\000a\000t\000i\000o\000n\000s}{}% 37
\BOOKMARK [0][-]{section*.11}{\376\377\000A\000p\000p\000e\000n\000d\000i\000c\000e\000s}{}% 38
\BOOKMARK [0][-]{appendix.1.A}{\376\377\000C\000o\000d\000e}{}% 39
\BOOKMARK [0][-]{section*.12}{\376\377\000G\000l\000o\000s\000s\000a\000r\000y}{}% 40
